This file contains any messages produced by compilers while
running configure, to aid debugging if configure makes a mistake.

It was created by configure, which was
generated by GNU Autoconf 2.61.  Invocation command line was

  $ ./configure --prefix=/home/af08025/crfpp64

## --------- ##
## Platform. ##
## --------- ##

hostname = dutiij.st.ewi.tudelft.nl
uname -m = x86_64
uname -r = 2.6.23.15-137.fc8
uname -s = Linux
uname -v = #1 SMP Sun Feb 10 17:03:13 EST 2008

/usr/bin/uname -p = unknown
/bin/uname -X     = unknown

/bin/arch              = x86_64
/usr/bin/arch -k       = unknown
/usr/convex/getsysinfo = unknown
/usr/bin/hostinfo      = unknown
/bin/machine           = unknown
/usr/bin/oslevel       = unknown
/bin/universe          = unknown

PATH: /usr/lib64/qt-3.3/bin
PATH: /usr/kerberos/bin
PATH: /usr/lib64/ccache
PATH: /usr/local/bin
PATH: /usr/bin
PATH: /bin
PATH: /usr/X11R6/bin


## ----------- ##
## Core tests. ##
## ----------- ##

configure:1966: checking for a BSD-compatible install
configure:2022: result: /usr/bin/install -c
configure:2033: checking whether build environment is sane
configure:2076: result: yes
configure:2104: checking for a thread-safe mkdir -p
configure:2143: result: /bin/mkdir -p
configure:2156: checking for gawk
configure:2172: found /usr/bin/gawk
configure:2183: result: gawk
configure:2194: checking whether make sets $(MAKE)
configure:2215: result: yes
configure:2452: checking for gcc
configure:2468: found /usr/lib64/ccache/gcc
configure:2479: result: gcc
configure:2717: checking for C compiler version
configure:2724: gcc --version >&5
gcc (GCC) 4.1.2 20070925 (Red Hat 4.1.2-33)
Copyright (C) 2006 Free Software Foundation, Inc.
This is free software; see the source for copying conditions.  There is NO
warranty; not even for MERCHANTABILITY or FITNESS FOR A PARTICULAR PURPOSE.

configure:2727: $? = 0
configure:2734: gcc -v >&5
Using built-in specs.
Target: x86_64-redhat-linux
Configured with: ../configure --prefix=/usr --mandir=/usr/share/man --infodir=/usr/share/info --enable-shared --enable-threads=posix --enable-checking=release --with-system-zlib --enable-__cxa_atexit --disable-libunwind-exceptions --enable-languages=c,c++,objc,obj-c++,java,fortran,ada --enable-java-awt=gtk --disable-dssi --enable-plugin --with-java-home=/usr/lib/jvm/java-1.5.0-gcj-1.5.0.0/jre --enable-libgcj-multifile --enable-java-maintainer-mode --with-ecj-jar=/usr/share/java/eclipse-ecj.jar --with-cpu=generic --host=x86_64-redhat-linux
Thread model: posix
gcc version 4.1.2 20070925 (Red Hat 4.1.2-33)
configure:2737: $? = 0
configure:2744: gcc -V >&5
gcc: '-V' option must have argument
configure:2747: $? = 1
configure:2770: checking for C compiler default output file name
configure:2797: gcc    conftest.c  >&5
configure:2800: $? = 0
configure:2838: result: a.out
configure:2855: checking whether the C compiler works
configure:2865: ./a.out
configure:2868: $? = 0
configure:2885: result: yes
configure:2892: checking whether we are cross compiling
configure:2894: result: no
configure:2897: checking for suffix of executables
configure:2904: gcc -o conftest    conftest.c  >&5
configure:2907: $? = 0
configure:2931: result: 
configure:2937: checking for suffix of object files
configure:2963: gcc -c   conftest.c >&5
configure:2966: $? = 0
configure:2989: result: o
configure:2993: checking whether we are using the GNU C compiler
configure:3022: gcc -c   conftest.c >&5
configure:3028: $? = 0
configure:3045: result: yes
configure:3050: checking whether gcc accepts -g
configure:3080: gcc -c -g  conftest.c >&5
configure:3086: $? = 0
configure:3185: result: yes
configure:3202: checking for gcc option to accept ISO C89
configure:3276: gcc  -c -g -O2  conftest.c >&5
configure:3282: $? = 0
configure:3305: result: none needed
configure:3334: checking for style of include used by make
configure:3362: result: GNU
configure:3387: checking dependency style of gcc
configure:3478: result: gcc3
configure:3551: checking for g++
configure:3567: found /usr/lib64/ccache/g++
configure:3578: result: g++
configure:3609: checking for C++ compiler version
configure:3616: g++ --version >&5
g++ (GCC) 4.1.2 20070925 (Red Hat 4.1.2-33)
Copyright (C) 2006 Free Software Foundation, Inc.
This is free software; see the source for copying conditions.  There is NO
warranty; not even for MERCHANTABILITY or FITNESS FOR A PARTICULAR PURPOSE.

configure:3619: $? = 0
configure:3626: g++ -v >&5
Using built-in specs.
Target: x86_64-redhat-linux
Configured with: ../configure --prefix=/usr --mandir=/usr/share/man --infodir=/usr/share/info --enable-shared --enable-threads=posix --enable-checking=release --with-system-zlib --enable-__cxa_atexit --disable-libunwind-exceptions --enable-languages=c,c++,objc,obj-c++,java,fortran,ada --enable-java-awt=gtk --disable-dssi --enable-plugin --with-java-home=/usr/lib/jvm/java-1.5.0-gcj-1.5.0.0/jre --enable-libgcj-multifile --enable-java-maintainer-mode --with-ecj-jar=/usr/share/java/eclipse-ecj.jar --with-cpu=generic --host=x86_64-redhat-linux
Thread model: posix
gcc version 4.1.2 20070925 (Red Hat 4.1.2-33)
configure:3629: $? = 0
configure:3636: g++ -V >&5
g++: '-V' option must have argument
configure:3639: $? = 1
configure:3642: checking whether we are using the GNU C++ compiler
configure:3671: g++ -c   conftest.cpp >&5
configure:3677: $? = 0
configure:3694: result: yes
configure:3699: checking whether g++ accepts -g
configure:3729: g++ -c -g  conftest.cpp >&5
configure:3735: $? = 0
configure:3834: result: yes
configure:3859: checking dependency style of g++
configure:3950: result: gcc3
configure:3971: checking how to run the C preprocessor
configure:4011: gcc -E  conftest.c
configure:4017: $? = 0
configure:4048: gcc -E  conftest.c
conftest.c:10:28: error: ac_nonexistent.h: No such file or directory
configure:4054: $? = 1
configure: failed program was:
| /* confdefs.h.  */
| #define PACKAGE_NAME ""
| #define PACKAGE_TARNAME ""
| #define PACKAGE_VERSION ""
| #define PACKAGE_STRING ""
| #define PACKAGE_BUGREPORT ""
| #define PACKAGE "CRF++"
| #define VERSION "0.51"
| /* end confdefs.h.  */
| #include <ac_nonexistent.h>
configure:4087: result: gcc -E
configure:4116: gcc -E  conftest.c
configure:4122: $? = 0
configure:4153: gcc -E  conftest.c
conftest.c:10:28: error: ac_nonexistent.h: No such file or directory
configure:4159: $? = 1
configure: failed program was:
| /* confdefs.h.  */
| #define PACKAGE_NAME ""
| #define PACKAGE_TARNAME ""
| #define PACKAGE_VERSION ""
| #define PACKAGE_STRING ""
| #define PACKAGE_BUGREPORT ""
| #define PACKAGE "CRF++"
| #define VERSION "0.51"
| /* end confdefs.h.  */
| #include <ac_nonexistent.h>
configure:4197: checking for grep that handles long lines and -e
configure:4271: result: /bin/grep
configure:4276: checking for egrep
configure:4354: result: /bin/grep -E
configure:4360: checking whether gcc needs -traditional
configure:4402: result: no
configure:4409: checking whether make sets $(MAKE)
configure:4430: result: yes
configure:4439: checking for library containing strerror
configure:4480: gcc -o conftest -g -O2   conftest.c  >&5
configure:4486: $? = 0
configure:4514: result: none required
configure:4528: checking build system type
configure:4546: result: x86_64-unknown-linux-gnu
configure:4568: checking host system type
configure:4583: result: x86_64-unknown-linux-gnu
configure:4688: checking for a sed that does not truncate output
configure:4744: result: /bin/sed
configure:4758: checking for ld used by gcc
configure:4825: result: /usr/bin/ld
configure:4834: checking if the linker (/usr/bin/ld) is GNU ld
configure:4849: result: yes
configure:4854: checking for /usr/bin/ld option to reload object files
configure:4861: result: -r
configure:4879: checking for BSD-compatible nm
configure:4928: result: /usr/bin/nm -B
configure:4932: checking whether ln -s works
configure:4936: result: yes
configure:4943: checking how to recognize dependent libraries
configure:5129: result: pass_all
configure:5217: g++ -c -g -O2  conftest.cpp >&5
configure:5220: $? = 0
configure:5365: checking for ANSI C header files
configure:5395: g++ -c -g -O2  conftest.cpp >&5
configure:5401: $? = 0
./configure: line 5427: conftest.cpp: command not found
configure:5529: result: no
configure:5553: checking for sys/types.h
configure:5574: g++ -c -g -O2  conftest.cpp >&5
configure:5580: $? = 0
configure:5596: result: yes
configure:5553: checking for sys/stat.h
configure:5574: g++ -c -g -O2  conftest.cpp >&5
configure:5580: $? = 0
configure:5596: result: yes
configure:5553: checking for stdlib.h
configure:5574: g++ -c -g -O2  conftest.cpp >&5
configure:5580: $? = 0
configure:5596: result: yes
configure:5553: checking for string.h
configure:5574: g++ -c -g -O2  conftest.cpp >&5
configure:5580: $? = 0
configure:5596: result: yes
configure:5553: checking for memory.h
configure:5574: g++ -c -g -O2  conftest.cpp >&5
configure:5580: $? = 0
configure:5596: result: yes
configure:5553: checking for strings.h
configure:5574: g++ -c -g -O2  conftest.cpp >&5
configure:5580: $? = 0
configure:5596: result: yes
configure:5553: checking for inttypes.h
configure:5574: g++ -c -g -O2  conftest.cpp >&5
configure:5580: $? = 0
configure:5596: result: yes
configure:5553: checking for stdint.h
configure:5574: g++ -c -g -O2  conftest.cpp >&5
configure:5580: $? = 0
configure:5596: result: yes
configure:5553: checking for unistd.h
configure:5574: g++ -c -g -O2  conftest.cpp >&5
configure:5580: $? = 0
configure:5596: result: yes
configure:5623: checking dlfcn.h usability
configure:5640: g++ -c -g -O2  conftest.cpp >&5
configure:5646: $? = 0
configure:5660: result: yes
configure:5664: checking dlfcn.h presence
configure:5679:   conftest.cpp
./configure: line 5680: conftest.cpp: command not found
configure:5685: $? = 127
configure: failed program was:
| /* confdefs.h.  */
| #define PACKAGE_NAME ""
| #define PACKAGE_TARNAME ""
| #define PACKAGE_VERSION ""
| #define PACKAGE_STRING ""
| #define PACKAGE_BUGREPORT ""
| #define PACKAGE "CRF++"
| #define VERSION "0.51"
| #define HAVE_SYS_TYPES_H 1
| #define HAVE_SYS_STAT_H 1
| #define HAVE_STDLIB_H 1
| #define HAVE_STRING_H 1
| #define HAVE_MEMORY_H 1
| #define HAVE_STRINGS_H 1
| #define HAVE_INTTYPES_H 1
| #define HAVE_STDINT_H 1
| #define HAVE_UNISTD_H 1
| /* end confdefs.h.  */
| #include <dlfcn.h>
configure:5699: result: no
configure:5705: WARNING: dlfcn.h: accepted by the compiler, rejected by the preprocessor!
configure:5707: WARNING: dlfcn.h: proceeding with the compiler's result
configure:5727: checking for dlfcn.h
configure:5735: result: yes
configure:5758: checking how to run the C++ preprocessor
configure:5794: g++ -E  conftest.cpp
configure:5800: $? = 0
configure:5831: g++ -E  conftest.cpp
conftest.cpp:20:28: error: ac_nonexistent.h: No such file or directory
configure:5837: $? = 1
configure: failed program was:
| /* confdefs.h.  */
| #define PACKAGE_NAME ""
| #define PACKAGE_TARNAME ""
| #define PACKAGE_VERSION ""
| #define PACKAGE_STRING ""
| #define PACKAGE_BUGREPORT ""
| #define PACKAGE "CRF++"
| #define VERSION "0.51"
| #define HAVE_SYS_TYPES_H 1
| #define HAVE_SYS_STAT_H 1
| #define HAVE_STDLIB_H 1
| #define HAVE_STRING_H 1
| #define HAVE_MEMORY_H 1
| #define HAVE_STRINGS_H 1
| #define HAVE_INTTYPES_H 1
| #define HAVE_STDINT_H 1
| #define HAVE_UNISTD_H 1
| #define HAVE_DLFCN_H 1
| /* end confdefs.h.  */
| #include <ac_nonexistent.h>
configure:5870: result: g++ -E
configure:5899: g++ -E  conftest.cpp
configure:5905: $? = 0
configure:5936: g++ -E  conftest.cpp
conftest.cpp:20:28: error: ac_nonexistent.h: No such file or directory
configure:5942: $? = 1
configure: failed program was:
| /* confdefs.h.  */
| #define PACKAGE_NAME ""
| #define PACKAGE_TARNAME ""
| #define PACKAGE_VERSION ""
| #define PACKAGE_STRING ""
| #define PACKAGE_BUGREPORT ""
| #define PACKAGE "CRF++"
| #define VERSION "0.51"
| #define HAVE_SYS_TYPES_H 1
| #define HAVE_SYS_STAT_H 1
| #define HAVE_STDLIB_H 1
| #define HAVE_STRING_H 1
| #define HAVE_MEMORY_H 1
| #define HAVE_STRINGS_H 1
| #define HAVE_INTTYPES_H 1
| #define HAVE_STDINT_H 1
| #define HAVE_UNISTD_H 1
| #define HAVE_DLFCN_H 1
| /* end confdefs.h.  */
| #include <ac_nonexistent.h>
configure:6035: checking for g77
configure:6065: result: no
configure:6035: checking for xlf
configure:6065: result: no
configure:6035: checking for f77
configure:6065: result: no
configure:6035: checking for frt
configure:6065: result: no
configure:6035: checking for pgf77
configure:6065: result: no
configure:6035: checking for cf77
configure:6065: result: no
configure:6035: checking for fort77
configure:6065: result: no
configure:6035: checking for fl32
configure:6065: result: no
configure:6035: checking for af77
configure:6065: result: no
configure:6035: checking for xlf90
configure:6065: result: no
configure:6035: checking for f90
configure:6065: result: no
configure:6035: checking for pgf90
configure:6065: result: no
configure:6035: checking for pghpf
configure:6065: result: no
configure:6035: checking for epcf90
configure:6065: result: no
configure:6035: checking for gfortran
configure:6051: found /usr/bin/gfortran
configure:6062: result: gfortran
configure:6092: checking for Fortran 77 compiler version
configure:6099: gfortran --version >&5
GNU Fortran (GCC) 4.1.2 20070925 (Red Hat 4.1.2-33)
Copyright (C) 2007 Free Software Foundation, Inc.

GNU Fortran comes with NO WARRANTY, to the extent permitted by law.
You may redistribute copies of GNU Fortran
under the terms of the GNU General Public License.
For more information about these matters, see the file named COPYING

configure:6102: $? = 0
configure:6109: gfortran -v >&5
Using built-in specs.
Target: x86_64-redhat-linux
Configured with: ../configure --prefix=/usr --mandir=/usr/share/man --infodir=/usr/share/info --enable-shared --enable-threads=posix --enable-checking=release --with-system-zlib --enable-__cxa_atexit --disable-libunwind-exceptions --enable-languages=c,c++,objc,obj-c++,java,fortran,ada --enable-java-awt=gtk --disable-dssi --enable-plugin --with-java-home=/usr/lib/jvm/java-1.5.0-gcj-1.5.0.0/jre --enable-libgcj-multifile --enable-java-maintainer-mode --with-ecj-jar=/usr/share/java/eclipse-ecj.jar --with-cpu=generic --host=x86_64-redhat-linux
Thread model: posix
gcc version 4.1.2 20070925 (Red Hat 4.1.2-33)
configure:6112: $? = 0
configure:6119: gfortran -V >&5
gfortran: '-V' option must have argument
configure:6122: $? = 1
configure:6130: checking whether we are using the GNU Fortran 77 compiler
configure:6149: gfortran -c  conftest.F >&5
configure:6155: $? = 0
configure:6172: result: yes
configure:6178: checking whether gfortran accepts -g
configure:6195: gfortran -c -g conftest.f >&5
configure:6201: $? = 0
configure:6217: result: yes
configure:6247: checking the maximum length of command line arguments
configure:6359: result: 98304
configure:6371: checking command to parse /usr/bin/nm -B output from gcc object
configure:6476: g++ -c -g -O2  conftest.cpp >&5
configure:6479: $? = 0
configure:6483: /usr/bin/nm -B conftest.o \| sed -n -e 's/^.*[ 	]\([ABCDGIRSTW][ABCDGIRSTW]*\)[ 	][ 	]*\([_A-Za-z][_A-Za-z0-9]*\)$/\1 \2 \2/p' \> conftest.nm
configure:6486: $? = 0
configure:6538: g++ -o conftest -g -O2   conftest.cpp conftstm.o >&5
configure:6541: $? = 0
configure:6579: result: ok
configure:6583: checking for objdir
configure:6598: result: .libs
configure:6690: checking for ar
configure:6706: found /usr/bin/ar
configure:6717: result: ar
configure:6786: checking for ranlib
configure:6802: found /usr/bin/ranlib
configure:6813: result: ranlib
configure:6882: checking for strip
configure:6898: found /usr/bin/strip
configure:6909: result: strip
configure:7195: checking if gcc supports -fno-rtti -fno-exceptions
configure:7213: gcc -c -g -O2  -fno-rtti -fno-exceptions conftest.c >&5
cc1: warning: command line option "-fno-rtti" is valid for C++/ObjC++ but not for C
cc1: warning: command line option "-fno-rtti" is valid for C++/ObjC++ but not for C
configure:7217: $? = 0
configure:7230: result: no
configure:7245: checking for gcc option to produce PIC
configure:7477: result: -fPIC
configure:7485: checking if gcc PIC flag -fPIC works
configure:7503: gcc -c -g -O2  -fPIC -DPIC conftest.c >&5
configure:7507: $? = 0
configure:7520: result: yes
configure:7548: checking if gcc static flag -static works
configure:7576: result: yes
configure:7586: checking if gcc supports -c -o file.o
configure:7607: gcc -c -g -O2  -o out/conftest2.o conftest.c >&5
configure:7611: $? = 0
configure:7633: result: yes
configure:7659: checking whether the gcc linker (/usr/bin/ld -m elf_x86_64) supports shared libraries
configure:8639: result: yes
configure:8660: checking whether -lc should be explicitly linked in
configure:8665: gcc -c -g -O2  conftest.c >&5
configure:8668: $? = 0
configure:8683: gcc -shared conftest.o  -v -Wl,-soname -Wl,conftest -o conftest 2\>\&1 \| grep  -lc  \>/dev/null 2\>\&1
configure:8686: $? = 0
configure:8698: result: no
configure:8706: checking dynamic linker characteristics
configure:9310: result: GNU/Linux ld.so
configure:9319: checking how to hardcode library paths into programs
configure:9344: result: immediate
configure:9358: checking whether stripping libraries is possible
configure:9363: result: yes
configure:10165: checking if libtool supports shared libraries
configure:10167: result: yes
configure:10170: checking whether to build shared libraries
configure:10191: result: yes
configure:10194: checking whether to build static libraries
configure:10198: result: yes
configure:10291: creating libtool
configure:10879: checking for ld used by g++
configure:10946: result: /usr/bin/ld -m elf_x86_64
configure:10955: checking if the linker (/usr/bin/ld -m elf_x86_64) is GNU ld
configure:10970: result: yes
configure:11021: checking whether the g++ linker (/usr/bin/ld -m elf_x86_64) supports shared libraries
configure:11995: result: yes
configure:12013: g++ -c -g -O2  conftest.cpp >&5
configure:12016: $? = 0
configure:12168: checking for g++ option to produce PIC
configure:12452: result: -fPIC
configure:12460: checking if g++ PIC flag -fPIC works
configure:12478: g++ -c -g -O2  -fPIC -DPIC conftest.cpp >&5
configure:12482: $? = 0
configure:12495: result: yes
configure:12523: checking if g++ static flag -static works
configure:12551: result: yes
configure:12561: checking if g++ supports -c -o file.o
configure:12582: g++ -c -g -O2  -o out/conftest2.o conftest.cpp >&5
configure:12586: $? = 0
configure:12608: result: yes
configure:12634: checking whether the g++ linker (/usr/bin/ld -m elf_x86_64) supports shared libraries
configure:12659: result: yes
configure:12726: checking dynamic linker characteristics
configure:13278: result: GNU/Linux ld.so
configure:13287: checking how to hardcode library paths into programs
configure:13312: result: immediate
configure:13846: checking if libtool supports shared libraries
configure:13848: result: yes
configure:13851: checking whether to build shared libraries
configure:13871: result: yes
configure:13874: checking whether to build static libraries
configure:13878: result: yes
configure:13888: checking for gfortran option to produce PIC
configure:14120: result: -fPIC
configure:14128: checking if gfortran PIC flag -fPIC works
configure:14146: gfortran -c -g -O2 -fPIC conftest.f >&5
configure:14150: $? = 0
configure:14163: result: yes
configure:14191: checking if gfortran static flag -static works
configure:14219: result: yes
configure:14229: checking if gfortran supports -c -o file.o
configure:14250: gfortran -c -g -O2 -o out/conftest2.o conftest.f >&5
configure:14254: $? = 0
configure:14276: result: yes
configure:14302: checking whether the gfortran linker (/usr/bin/ld -m elf_x86_64) supports shared libraries
configure:15262: result: yes
configure:15329: checking dynamic linker characteristics
configure:15881: result: GNU/Linux ld.so
configure:15890: checking how to hardcode library paths into programs
configure:15915: result: immediate
configure:19490: checking for ANSI C header files
configure:19654: result: no
configure:19681: checking for string.h
configure:19687: result: yes
configure:19681: checking for stdlib.h
configure:19687: result: yes
configure:19681: checking for unistd.h
configure:19687: result: yes
configure:19691: checking fcntl.h usability
configure:19708: g++ -c -g -O2  conftest.cpp >&5
configure:19714: $? = 0
configure:19728: result: yes
configure:19732: checking fcntl.h presence
configure:19747: g++ -E  conftest.cpp
configure:19753: $? = 0
configure:19767: result: yes
configure:19795: checking for fcntl.h
configure:19803: result: yes
configure:19681: checking for sys/stat.h
configure:19687: result: yes
configure:19691: checking sys/mman.h usability
configure:19708: g++ -c -g -O2  conftest.cpp >&5
configure:19714: $? = 0
configure:19728: result: yes
configure:19732: checking sys/mman.h presence
configure:19747: g++ -E  conftest.cpp
configure:19753: $? = 0
configure:19767: result: yes
configure:19795: checking for sys/mman.h
configure:19803: result: yes
configure:19691: checking sys/times.h usability
configure:19708: g++ -c -g -O2  conftest.cpp >&5
configure:19714: $? = 0
configure:19728: result: yes
configure:19732: checking sys/times.h presence
configure:19747: g++ -E  conftest.cpp
configure:19753: $? = 0
configure:19767: result: yes
configure:19795: checking for sys/times.h
configure:19803: result: yes
configure:19691: checking ctype.h usability
configure:19708: g++ -c -g -O2  conftest.cpp >&5
configure:19714: $? = 0
configure:19728: result: yes
configure:19732: checking ctype.h presence
configure:19747: g++ -E  conftest.cpp
configure:19753: $? = 0
configure:19767: result: yes
configure:19795: checking for ctype.h
configure:19803: result: yes
configure:19681: checking for sys/types.h
configure:19687: result: yes
configure:19691: checking math.h usability
configure:19708: g++ -c -g -O2  conftest.cpp >&5
configure:19714: $? = 0
configure:19728: result: yes
configure:19732: checking math.h presence
configure:19747: g++ -E  conftest.cpp
configure:19753: $? = 0
configure:19767: result: yes
configure:19795: checking for math.h
configure:19803: result: yes
configure:19691: checking pthread.h usability
configure:19708: g++ -c -g -O2  conftest.cpp >&5
configure:19714: $? = 0
configure:19728: result: yes
configure:19732: checking pthread.h presence
configure:19747: g++ -E  conftest.cpp
configure:19753: $? = 0
configure:19767: result: yes
configure:19795: checking for pthread.h
configure:19803: result: yes
configure:19817: checking for size_t
configure:19847: g++ -c -g -O2  conftest.cpp >&5
configure:19853: $? = 0
configure:19868: result: yes
configure:19882: checking for pow in -lm
configure:19917: g++ -o conftest -g -O2   conftest.cpp -lm   >&5
configure:19923: $? = 0
configure:19941: result: yes
configure:19953: checking for exp in -lm
configure:19988: g++ -o conftest -g -O2   conftest.cpp -lm  -lm  >&5
configure:19994: $? = 0
configure:20012: result: yes
configure:20024: checking for log in -lm
configure:20059: g++ -o conftest -g -O2   conftest.cpp -lm  -lm -lm  >&5
configure:20065: $? = 0
configure:20083: result: yes
configure:20095: checking for pthread_create in -lpthread
configure:20130: g++ -o conftest -g -O2   conftest.cpp -lpthread  -lm -lm -lm  >&5
configure:20136: $? = 0
configure:20154: result: yes
configure:20166: checking for pthread_join in -lpthread
configure:20201: g++ -o conftest -g -O2   conftest.cpp -lpthread  -lpthread -lm -lm -lm  >&5
configure:20207: $? = 0
configure:20225: result: yes
configure:20242: checking for stdlib.h
configure:20248: result: yes
configure:20242: checking for unistd.h
configure:20248: result: yes
configure:20381: checking for getpagesize
configure:20437: g++ -o conftest -g -O2   conftest.cpp -lpthread -lpthread -lm -lm -lm  >&5
configure:20443: $? = 0
configure:20461: result: yes
configure:20471: checking for working mmap
configure:20618: g++ -o conftest -g -O2   conftest.cpp -lpthread -lpthread -lm -lm -lm  >&5
configure:20621: $? = 0
configure:20627: ./conftest
configure:20630: $? = 0
configure:20646: result: yes
configure:20658: checking whether make is GNU Make
configure:20661: result: yes
configure:21079: checking if g++ supports stl <string> (required)
configure:21106: g++ -c -O3 -Wall -Wno-deprecated  conftest.cpp >&5
configure:21112: $? = 0
configure:21132: result: yes
configure:21136: checking if g++ supports stl <vector> (required)
configure:21163: g++ -c -O3 -Wall -Wno-deprecated  conftest.cpp >&5
configure:21169: $? = 0
configure:21189: result: yes
configure:21193: checking if g++ supports stl <map> (required)
configure:21220: g++ -c -O3 -Wall -Wno-deprecated  conftest.cpp >&5
configure:21226: $? = 0
configure:21246: result: yes
configure:21250: checking if g++ supports stl <set> (required)
configure:21277: g++ -c -O3 -Wall -Wno-deprecated  conftest.cpp >&5
configure:21283: $? = 0
configure:21303: result: yes
configure:21307: checking if g++ supports stl <iostream> (required)
configure:21334: g++ -c -O3 -Wall -Wno-deprecated  conftest.cpp >&5
configure:21340: $? = 0
configure:21360: result: yes
configure:21364: checking if g++ supports stl <fstream> (required)
configure:21391: g++ -c -O3 -Wall -Wno-deprecated  conftest.cpp >&5
configure:21397: $? = 0
configure:21417: result: yes
configure:21421: checking if g++ supports stl <sstream> (required)
configure:21448: g++ -c -O3 -Wall -Wno-deprecated  conftest.cpp >&5
configure:21454: $? = 0
configure:21474: result: yes
configure:21478: checking if g++ supports stl <stdexcept> (required)
configure:21505: g++ -c -O3 -Wall -Wno-deprecated  conftest.cpp >&5
configure:21511: $? = 0
configure:21531: result: yes
configure:21536: checking if g++ supports template <class T> (required)
configure:21565: g++ -c -O3 -Wall -Wno-deprecated  conftest.cpp >&5
configure:21571: $? = 0
configure:21591: result: yes
configure:21595: checking if g++ supports const_cast<> (required)
configure:21623: g++ -c -O3 -Wall -Wno-deprecated  conftest.cpp >&5
conftest.cpp: In function 'int main()':
conftest.cpp:48: warning: unused variable 'c1'
configure:21629: $? = 0
configure:21649: result: yes
configure:21653: checking if g++ supports static_cast<> (required)
configure:21681: g++ -c -O3 -Wall -Wno-deprecated  conftest.cpp >&5
conftest.cpp: In function 'int main()':
conftest.cpp:48: warning: unused variable 'c1'
configure:21687: $? = 0
configure:21707: result: yes
configure:21711: checking if g++ supports dynamic_cast<> (required)
configure:21740: g++ -c -O3 -Wall -Wno-deprecated  conftest.cpp >&5
conftest.cpp: In function 'int main()':
conftest.cpp:49: warning: unused variable 'c1'
configure:21746: $? = 0
configure:21766: result: yes
configure:21770: checking if g++ supports exception handler (required)
configure:21804: g++ -c -O3 -Wall -Wno-deprecated  conftest.cpp >&5
conftest.cpp: In function 'int main()':
conftest.cpp:48: warning: unused variable 'i'
configure:21810: $? = 0
configure:21830: result: yes
configure:21834: checking if g++ supports namespaces (required) 
configure:21862: g++ -c -O3 -Wall -Wno-deprecated  conftest.cpp >&5
conftest.cpp: In function 'int main()':
conftest.cpp:48: warning: unused variable 'a'
configure:21868: $? = 0
configure:21887: result: yes
configure:21890: checking if g++ environment provides all required features
configure:21901: result: yes
configure:22030: creating ./config.status

## ---------------------- ##
## Running config.status. ##
## ---------------------- ##

This file was extended by config.status, which was
generated by GNU Autoconf 2.61.  Invocation command line was

  CONFIG_FILES    = 
  CONFIG_HEADERS  = 
  CONFIG_LINKS    = 
  CONFIG_COMMANDS = 
  $ ./config.status 

on dutiij.st.ewi.tudelft.nl

config.status:664: creating Makefile
config.status:664: creating Makefile.msvc
config.status:664: creating swig/version.h
config.status:664: creating config.h
config.status:907: config.h is unchanged
config.status:953: executing depfiles commands

## ---------------- ##
## Cache variables. ##
## ---------------- ##

ac_cv_build=x86_64-unknown-linux-gnu
ac_cv_c_compiler_gnu=yes
ac_cv_cxx_compiler_gnu=yes
ac_cv_env_CCC_set=
ac_cv_env_CCC_value=
ac_cv_env_CC_set=
ac_cv_env_CC_value=
ac_cv_env_CFLAGS_set=
ac_cv_env_CFLAGS_value=
ac_cv_env_CPPFLAGS_set=
ac_cv_env_CPPFLAGS_value=
ac_cv_env_CPP_set=
ac_cv_env_CPP_value=
ac_cv_env_CXXCPP_set=
ac_cv_env_CXXCPP_value=
ac_cv_env_CXXFLAGS_set=
ac_cv_env_CXXFLAGS_value=
ac_cv_env_CXX_set=
ac_cv_env_CXX_value=
ac_cv_env_F77_set=
ac_cv_env_F77_value=
ac_cv_env_FFLAGS_set=
ac_cv_env_FFLAGS_value=
ac_cv_env_LDFLAGS_set=
ac_cv_env_LDFLAGS_value=
ac_cv_env_LIBS_set=
ac_cv_env_LIBS_value=
ac_cv_env_build_alias_set=
ac_cv_env_build_alias_value=
ac_cv_env_host_alias_set=
ac_cv_env_host_alias_value=
ac_cv_env_target_alias_set=
ac_cv_env_target_alias_value=
ac_cv_f77_compiler_gnu=yes
ac_cv_func_getpagesize=yes
ac_cv_func_mmap_fixed_mapped=yes
ac_cv_header_ctype_h=yes
ac_cv_header_dlfcn_h=yes
ac_cv_header_fcntl_h=yes
ac_cv_header_inttypes_h=yes
ac_cv_header_math_h=yes
ac_cv_header_memory_h=yes
ac_cv_header_pthread_h=yes
ac_cv_header_stdc=no
ac_cv_header_stdint_h=yes
ac_cv_header_stdlib_h=yes
ac_cv_header_string_h=yes
ac_cv_header_strings_h=yes
ac_cv_header_sys_mman_h=yes
ac_cv_header_sys_stat_h=yes
ac_cv_header_sys_times_h=yes
ac_cv_header_sys_types_h=yes
ac_cv_header_unistd_h=yes
ac_cv_host=x86_64-unknown-linux-gnu
ac_cv_lib_m_exp=yes
ac_cv_lib_m_log=yes
ac_cv_lib_m_pow=yes
ac_cv_lib_pthread_pthread_create=yes
ac_cv_lib_pthread_pthread_join=yes
ac_cv_objext=o
ac_cv_path_EGREP='/bin/grep -E'
ac_cv_path_GREP=/bin/grep
ac_cv_path_install='/usr/bin/install -c'
ac_cv_path_mkdir=/bin/mkdir
ac_cv_prog_AWK=gawk
ac_cv_prog_CPP='gcc -E'
ac_cv_prog_CXXCPP='g++ -E'
ac_cv_prog_ac_ct_AR=ar
ac_cv_prog_ac_ct_CC=gcc
ac_cv_prog_ac_ct_CXX=g++
ac_cv_prog_ac_ct_F77=gfortran
ac_cv_prog_ac_ct_RANLIB=ranlib
ac_cv_prog_ac_ct_STRIP=strip
ac_cv_prog_cc_c89=
ac_cv_prog_cc_g=yes
ac_cv_prog_cxx_g=yes
ac_cv_prog_f77_g=yes
ac_cv_prog_gcc_traditional=no
ac_cv_prog_make_make_set=yes
ac_cv_search_strerror='none required'
ac_cv_type_size_t=yes
am_cv_CC_dependencies_compiler_type=gcc3
am_cv_CXX_dependencies_compiler_type=gcc3
lt_cv_deplibs_check_method=pass_all
lt_cv_file_magic_cmd='$MAGIC_CMD'
lt_cv_file_magic_test_file=
lt_cv_ld_reload_flag=-r
lt_cv_objdir=.libs
lt_cv_path_LD=/usr/bin/ld
lt_cv_path_LDCXX='/usr/bin/ld -m elf_x86_64'
lt_cv_path_NM='/usr/bin/nm -B'
lt_cv_path_SED=/bin/sed
lt_cv_prog_compiler_c_o=yes
lt_cv_prog_compiler_c_o_CXX=yes
lt_cv_prog_compiler_c_o_F77=yes
lt_cv_prog_compiler_rtti_exceptions=no
lt_cv_prog_gnu_ld=yes
lt_cv_prog_gnu_ldcxx=yes
lt_cv_sys_global_symbol_pipe='sed -n -e '\''s/^.*[ 	]\([ABCDGIRSTW][ABCDGIRSTW]*\)[ 	][ 	]*\([_A-Za-z][_A-Za-z0-9]*\)$/\1 \2 \2/p'\'''
lt_cv_sys_global_symbol_to_c_name_address='sed -n -e '\''s/^: \([^ ]*\) $/  {\"\1\", (lt_ptr) 0},/p'\'' -e '\''s/^[BCDEGRST] \([^ ]*\) \([^ ]*\)$/  {"\2", (lt_ptr) \&\2},/p'\'''
lt_cv_sys_global_symbol_to_cdecl='sed -n -e '\''s/^. .* \(.*\)$/extern int \1;/p'\'''
lt_cv_sys_max_cmd_len=98304
lt_lt_cv_prog_compiler_c_o='"yes"'
lt_lt_cv_prog_compiler_c_o_CXX='"yes"'
lt_lt_cv_prog_compiler_c_o_F77='"yes"'
lt_lt_cv_sys_global_symbol_pipe='"sed -n -e '\''s/^.*[ 	]\\([ABCDGIRSTW][ABCDGIRSTW]*\\)[ 	][ 	]*\\([_A-Za-z][_A-Za-z0-9]*\\)\$/\\1 \\2 \\2/p'\''"'
lt_lt_cv_sys_global_symbol_to_c_name_address='"sed -n -e '\''s/^: \\([^ ]*\\) \$/  {\\\"\\1\\\", (lt_ptr) 0},/p'\'' -e '\''s/^[BCDEGRST] \\([^ ]*\\) \\([^ ]*\\)\$/  {\"\\2\", (lt_ptr) \\&\\2},/p'\''"'
lt_lt_cv_sys_global_symbol_to_cdecl='"sed -n -e '\''s/^. .* \\(.*\\)\$/extern int \\1;/p'\''"'

## ----------------- ##
## Output variables. ##
## ----------------- ##

ACLOCAL='${SHELL} /home/af08025/workspace/aci-p2p/lib/parscit-081201/crfpp/CRF++-0.51/missing --run aclocal-1.10'
AMDEPBACKSLASH='\'
AMDEP_FALSE='#'
AMDEP_TRUE=''
AMTAR='${SHELL} /home/af08025/workspace/aci-p2p/lib/parscit-081201/crfpp/CRF++-0.51/missing --run tar'
AR='ar'
AUTOCONF='${SHELL} /home/af08025/workspace/aci-p2p/lib/parscit-081201/crfpp/CRF++-0.51/missing --run autoconf'
AUTOHEADER='${SHELL} /home/af08025/workspace/aci-p2p/lib/parscit-081201/crfpp/CRF++-0.51/missing --run autoheader'
AUTOMAKE='${SHELL} /home/af08025/workspace/aci-p2p/lib/parscit-081201/crfpp/CRF++-0.51/missing --run automake-1.10'
AWK='gawk'
CC='gcc'
CCDEPMODE='depmode=gcc3'
CFLAGS='-O3 -Wall -Wno-deprecated'
CPP='gcc -E'
CPPFLAGS=''
CXX='g++'
CXXCPP='g++ -E'
CXXDEPMODE='depmode=gcc3'
CXXFLAGS='-O3 -Wall -Wno-deprecated'
CYGPATH_W='echo'
DEFS='-DHAVE_CONFIG_H'
DEPDIR='.deps'
ECHO='echo'
ECHO_C=''
ECHO_N='-n'
ECHO_T=''
EGREP='/bin/grep -E'
EXEEXT=''
F77='gfortran'
FFLAGS='-g -O2'
GREP='/bin/grep'
INSTALL_DATA='${INSTALL} -m 644'
INSTALL_PROGRAM='${INSTALL}'
INSTALL_SCRIPT='${INSTALL}'
INSTALL_STRIP_PROGRAM='$(install_sh) -c -s'
LDFLAGS=''
LIBOBJS=''
LIBS='-lpthread -lpthread -lm -lm -lm '
LIBTOOL='$(SHELL) $(top_builddir)/libtool'
LN_S='ln -s'
LTLIBOBJS=''
MAKEINFO='${SHELL} /home/af08025/workspace/aci-p2p/lib/parscit-081201/crfpp/CRF++-0.51/missing --run makeinfo'
OBJEXT='o'
PACKAGE='CRF++'
PACKAGE_BUGREPORT=''
PACKAGE_NAME=''
PACKAGE_STRING=''
PACKAGE_TARNAME=''
PACKAGE_VERSION=''
PATH_SEPARATOR=':'
RANLIB='ranlib'
SED='/bin/sed'
SET_MAKE=''
SHELL='/bin/sh'
STRIP='strip'
VERSION='0.51'
ac_ct_CC='gcc'
ac_ct_CXX='g++'
ac_ct_F77='gfortran'
am__fastdepCC_FALSE='#'
am__fastdepCC_TRUE=''
am__fastdepCXX_FALSE='#'
am__fastdepCXX_TRUE=''
am__include='include'
am__isrc=''
am__leading_dot='.'
am__quote=''
am__tar='${AMTAR} chof - "$$tardir"'
am__untar='${AMTAR} xf -'
bindir='${exec_prefix}/bin'
build='x86_64-unknown-linux-gnu'
build_alias=''
build_cpu='x86_64'
build_os='linux-gnu'
build_vendor='unknown'
datadir='${datarootdir}'
datarootdir='${prefix}/share'
docdir='${datarootdir}/doc/${PACKAGE}'
dvidir='${docdir}'
exec_prefix='${prefix}'
host='x86_64-unknown-linux-gnu'
host_alias=''
host_cpu='x86_64'
host_os='linux-gnu'
host_vendor='unknown'
htmldir='${docdir}'
includedir='${prefix}/include'
infodir='${datarootdir}/info'
install_sh='$(SHELL) /home/af08025/workspace/aci-p2p/lib/parscit-081201/crfpp/CRF++-0.51/install-sh'
libdir='${exec_prefix}/lib'
libexecdir='${exec_prefix}/libexec'
localedir='${datarootdir}/locale'
localstatedir='${prefix}/var'
mandir='${datarootdir}/man'
mkdir_p='/bin/mkdir -p'
oldincludedir='/usr/include'
pdfdir='${docdir}'
prefix='/home/af08025/crfpp64'
program_transform_name='s,x,x,'
psdir='${docdir}'
sbindir='${exec_prefix}/sbin'
sharedstatedir='${prefix}/com'
sysconfdir='${prefix}/etc'
target_alias=''

## ----------- ##
## confdefs.h. ##
## ----------- ##

#define PACKAGE_NAME ""
#define PACKAGE_TARNAME ""
#define PACKAGE_VERSION ""
#define PACKAGE_STRING ""
#define PACKAGE_BUGREPORT ""
#define PACKAGE "CRF++"
#define VERSION "0.51"
#define HAVE_SYS_TYPES_H 1
#define HAVE_SYS_STAT_H 1
#define HAVE_STDLIB_H 1
#define HAVE_STRING_H 1
#define HAVE_MEMORY_H 1
#define HAVE_STRINGS_H 1
#define HAVE_INTTYPES_H 1
#define HAVE_STDINT_H 1
#define HAVE_UNISTD_H 1
#define HAVE_DLFCN_H 1
#define HAVE_STRING_H 1
#define HAVE_STDLIB_H 1
#define HAVE_UNISTD_H 1
#define HAVE_FCNTL_H 1
#define HAVE_SYS_STAT_H 1
#define HAVE_SYS_MMAN_H 1
#define HAVE_SYS_TIMES_H 1
#define HAVE_CTYPE_H 1
#define HAVE_SYS_TYPES_H 1
#define HAVE_MATH_H 1
#define HAVE_PTHREAD_H 1
#define HAVE_LIBM 1
#define HAVE_LIBM 1
#define HAVE_LIBM 1
#define HAVE_LIBPTHREAD 1
#define HAVE_LIBPTHREAD 1
#define HAVE_STDLIB_H 1
#define HAVE_UNISTD_H 1
#define HAVE_GETPAGESIZE 1
#define HAVE_MMAP 1

configure: exit 0

## ---------------------- ##
## Running config.status. ##
## ---------------------- ##

This file was extended by config.status, which was
generated by GNU Autoconf 2.61.  Invocation command line was

  CONFIG_FILES    = 
  CONFIG_HEADERS  = 
  CONFIG_LINKS    = 
  CONFIG_COMMANDS = 
  $ ./config.status config.h

on dutiij.st.ewi.tudelft.nl

config.status:664: creating config.h
config.status:907: config.h is unchanged
